This file contains any messages produced by compilers while
running configure, to aid debugging if configure makes a mistake.

It was created by MosaicAlbum configure 1.0.0, which was
generated by GNU Autoconf 2.63.  Invocation command line was

  $ ./configure --enable-production=no

## --------- ##
## Platform. ##
## --------- ##

hostname = treasure2013.local
uname -m = x86_64
uname -r = 2.6.32-358.el6.x86_64
uname -s = Linux
uname -v = #1 SMP Fri Feb 22 00:31:26 UTC 2013

/usr/bin/uname -p = unknown
/bin/uname -X     = unknown

/bin/arch              = x86_64
/usr/bin/arch -k       = unknown
/usr/convex/getsysinfo = unknown
/usr/bin/hostinfo      = unknown
/bin/machine           = unknown
/usr/bin/oslevel       = unknown
/bin/universe          = unknown

PATH: /usr/local/bin
PATH: /bin
PATH: /usr/bin
PATH: /usr/local/sbin
PATH: /usr/sbin
PATH: /sbin
PATH: /home/demouser/bin


## ----------- ##
## Core tests. ##
## ----------- ##

configure:1902: creating ./config.status

## ---------------------- ##
## Running config.status. ##
## ---------------------- ##

This file was extended by MosaicAlbum config.status 1.0.0, which was
generated by GNU Autoconf 2.63.  Invocation command line was

  CONFIG_FILES    = 
  CONFIG_HEADERS  = 
  CONFIG_LINKS    = 
  CONFIG_COMMANDS = 
  $ ./config.status 

on treasure2013.local

config.status:640: creating .dbup/properties.ini
config.status:640: creating src/Vg/Repository/FBHelperRepository.php

## ---------------- ##
## Cache variables. ##
## ---------------- ##

ac_cv_env_build_alias_set=
ac_cv_env_build_alias_value=
ac_cv_env_host_alias_set=
ac_cv_env_host_alias_value=
ac_cv_env_target_alias_set=
ac_cv_env_target_alias_value=

## ----------------- ##
## Output variables. ##
## ----------------- ##

DB_NAME='groupwork'
DEFS='-DPACKAGE_NAME=\"MosaicAlbum\" -DPACKAGE_TARNAME=\"mosaicalbum\" -DPACKAGE_VERSION=\"1.0.0\" -DPACKAGE_STRING=\"MosaicAlbum\ 1.0.0\" -DPACKAGE_BUGREPORT=\"\"'
DEV='dev.'
ECHO_C=''
ECHO_N='-n'
ECHO_T=''
HOST='localhost'
LIBOBJS=''
LIBS=''
LTLIBOBJS=''
PACKAGE_BUGREPORT=''
PACKAGE_NAME='MosaicAlbum'
PACKAGE_STRING='MosaicAlbum 1.0.0'
PACKAGE_TARNAME='mosaicalbum'
PACKAGE_VERSION='1.0.0'
PATH_SEPARATOR=':'
SHELL='/bin/sh'
USER_NAME='demouser'
USER_PASS='demopass'
bindir='${exec_prefix}/bin'
build_alias=''
datadir='${datarootdir}'
datarootdir='${prefix}/share'
docdir='${datarootdir}/doc/${PACKAGE_TARNAME}'
dvidir='${docdir}'
exec_prefix='${prefix}'
host_alias=''
htmldir='${docdir}'
includedir='${prefix}/include'
infodir='${datarootdir}/info'
libdir='${exec_prefix}/lib'
libexecdir='${exec_prefix}/libexec'
localedir='${datarootdir}/locale'
localstatedir='${prefix}/var'
mandir='${datarootdir}/man'
oldincludedir='/usr/include'
pdfdir='${docdir}'
prefix='/usr/local'
program_transform_name='s,x,x,'
psdir='${docdir}'
sbindir='${exec_prefix}/sbin'
sharedstatedir='${prefix}/com'
sysconfdir='${prefix}/etc'
target_alias=''

## ----------- ##
## confdefs.h. ##
## ----------- ##

#define PACKAGE_NAME "MosaicAlbum"
#define PACKAGE_TARNAME "mosaicalbum"
#define PACKAGE_VERSION "1.0.0"
#define PACKAGE_STRING "MosaicAlbum 1.0.0"
#define PACKAGE_BUGREPORT ""

configure: exit 0
